<?xml version="1.0" encoding="UTF-8"?>
<!-- Generated by org.testng.reporters.JUnitReportReporter -->
<testsuite hostname="LAPTOP-MQBV8I92" failures="0" tests="1" name="TestCase.LoginTestCase" time="6.089" errors="0" timestamp="2023-07-26T18:30:41 IST" skipped="0">
  <testcase classname="TestCase.LoginTestCase" name="verifyLogin" time="6.089"/>
</testsuite> <!-- TestCase.LoginTestCase -->
