<?xml version="1.0" encoding="UTF-8"?>
<!-- Generated by org.testng.reporters.JUnitReportReporter -->
<testsuite hostname="LAPTOP-MQBV8I92" failures="0" tests="1" name="TestCase.LoginTestCase" time="6.818" errors="0" timestamp="2023-08-05T12:42:52 IST" skipped="0">
  <testcase classname="TestCase.LoginTestCase" name="Login" time="6.818"/>
</testsuite> <!-- TestCase.LoginTestCase -->
