<?xml version="1.0" encoding="UTF-8"?>
<!-- Generated by org.testng.reporters.JUnitReportReporter -->
<testsuite hostname="LAPTOP-MQBV8I92" failures="0" tests="1" name="TestCase.RegistrationTestCase" time="8.744" errors="0" timestamp="2023-08-05T12:43:15 IST" skipped="0">
  <testcase classname="TestCase.RegistrationTestCase" name="verifyRegister" time="8.744"/>
</testsuite> <!-- TestCase.RegistrationTestCase -->
