<?xml version="1.0" encoding="UTF-8"?>
<!-- Generated by org.testng.reporters.JUnitReportReporter -->
<testsuite hostname="LAPTOP-MQBV8I92" failures="0" tests="1" name="TestCase.RegistrationTestCase" time="14.659" errors="0" timestamp="2023-08-03T13:07:35 IST" skipped="0">
  <testcase classname="TestCase.RegistrationTestCase" name="verifySignup" time="14.659"/>
</testsuite> <!-- TestCase.RegistrationTestCase -->
