<?xml version="1.0" encoding="UTF-8"?>
<!-- Generated by org.testng.reporters.JUnitReportReporter -->
<testsuite hostname="LAPTOP-MQBV8I92" failures="0" tests="1" name="TestCase.SearchTestCases" time="15.182" errors="0" timestamp="2023-08-05T12:44:08 IST" skipped="0">
  <testcase classname="TestCase.SearchTestCases" name="Search" time="15.182"/>
</testsuite> <!-- TestCase.SearchTestCases -->
