<?xml version="1.0" encoding="UTF-8"?>
<!-- Generated by org.testng.reporters.JUnitReportReporter -->
<testsuite hostname="LAPTOP-MQBV8I92" failures="0" tests="1" name="TestCase.ProductValueTestCase" time="10.014" errors="0" timestamp="2023-07-26T21:14:46 IST" skipped="0">
  <testcase classname="TestCase.ProductValueTestCase" name="comparision" time="10.014"/>
</testsuite> <!-- TestCase.ProductValueTestCase -->
